make[1]: Entering directory '/workspaces/Repositories/Computer System/labs/sh/shlab-handout'
./sdriver.pl -t trace01.txt -s ./tshref -a "-p"
#
# trace01.txt - Properly terminate on EOF.
#
./sdriver.pl -t trace02.txt -s ./tshref -a "-p"
#
# trace02.txt - Process builtin quit command.
#
./sdriver.pl -t trace03.txt -s ./tshref -a "-p"
#
# trace03.txt - Run a foreground job.
#
tsh> quit
./sdriver.pl -t trace04.txt -s ./tshref -a "-p"
#
# trace04.txt - Run a background job.
#
tsh> ./myspin 1 &
[1] (2006) ./myspin 1 &
./sdriver.pl -t trace05.txt -s ./tshref -a "-p"
#
# trace05.txt - Process jobs builtin command.
#
tsh> ./myspin 2 &
[1] (2069) ./myspin 2 &
tsh> ./myspin 3 &
[2] (2075) ./myspin 3 &
tsh> jobs
[1] (2069) Running ./myspin 2 &
[2] (2075) Running ./myspin 3 &
./sdriver.pl -t trace06.txt -s ./tshref -a "-p"
#
# trace06.txt - Forward SIGINT to foreground job.
#
tsh> ./myspin 4
Job [1] (2154) terminated by signal 2
./sdriver.pl -t trace07.txt -s ./tshref -a "-p"
#
# trace07.txt - Forward SIGINT only to foreground job.
#
tsh> ./myspin 4 &
[1] (2175) ./myspin 4 &
tsh> ./myspin 5
Job [2] (2181) terminated by signal 2
tsh> jobs
[1] (2175) Running ./myspin 4 &
./sdriver.pl -t trace08.txt -s ./tshref -a "-p"
#
# trace08.txt - Forward SIGTSTP only to foreground job.
#
tsh> ./myspin 4 &
[1] (2232) ./myspin 4 &
tsh> ./myspin 5
Job [2] (2238) stopped by signal 20
tsh> jobs
[1] (2232) Running ./myspin 4 &
[2] (2238) Stopped ./myspin 5 
./sdriver.pl -t trace09.txt -s ./tshref -a "-p"
#
# trace09.txt - Process bg builtin command
#
tsh> ./myspin 4 &
[1] (2271) ./myspin 4 &
tsh> ./myspin 5
Job [2] (2277) stopped by signal 20
tsh> jobs
[1] (2271) Running ./myspin 4 &
[2] (2277) Stopped ./myspin 5 
tsh> bg %2
[2] (2277) ./myspin 5 
tsh> jobs
[1] (2271) Running ./myspin 4 &
[2] (2277) Running ./myspin 5 
./sdriver.pl -t trace10.txt -s ./tshref -a "-p"
#
# trace10.txt - Process fg builtin command. 
#
tsh> ./myspin 4 &
[1] (2331) ./myspin 4 &
tsh> fg %1
Job [1] (2331) stopped by signal 20
tsh> jobs
[1] (2331) Stopped ./myspin 4 &
tsh> fg %1
tsh> jobs
./sdriver.pl -t trace11.txt -s ./tshref -a "-p"
#
# trace11.txt - Forward SIGINT to every process in foreground process group
#
tsh> ./mysplit 4
Job [1] (2388) terminated by signal 2
tsh> /bin/ps a
  PID TTY      STAT   TIME COMMAND
  546 pts/1    Ssl    0:00 /usr/bin/qemu-x86_64 /usr/bin/zsh /usr/bin/zsh
  744 pts/1    Sl+    0:00 /usr/bin/qemu-x86_64 /usr/bin/make make all test rtest
 1955 pts/1    Sl+    0:00 /usr/bin/qemu-x86_64 /bin/sh /bin/sh -c make rtests > tshref.out 2>&1
 1958 pts/1    Sl+    0:00 /usr/bin/qemu-x86_64 /usr/bin/make make rtests
 2376 pts/1    Sl+    0:00 /usr/bin/qemu-x86_64 /bin/sh /bin/sh -c ./sdriver.pl -t trace11.txt -s ./tshref -a "-p"
 2379 pts/1    Sl+    0:00 /usr/bin/qemu-x86_64 /usr/bin/perl /usr/bin/perl ./sdriver.pl -t trace11.txt -s ./tshref -a -p
 2382 pts/1    Sl+    0:00 /usr/bin/qemu-x86_64 ./tshref ./tshref -p
./sdriver.pl -t trace12.txt -s ./tshref -a "-p"
#
# trace12.txt - Forward SIGTSTP to every process in foreground process group
#
tsh> ./mysplit 4
Job [1] (2417) stopped by signal 20
tsh> jobs
[1] (2417) Stopped ./mysplit 4 
tsh> /bin/ps a
  PID TTY      STAT   TIME COMMAND
  546 pts/1    Ssl    0:00 /usr/bin/qemu-x86_64 /usr/bin/zsh /usr/bin/zsh
  744 pts/1    Sl+    0:00 /usr/bin/qemu-x86_64 /usr/bin/make make all test rtest
 1955 pts/1    Sl+    0:00 /usr/bin/qemu-x86_64 /bin/sh /bin/sh -c make rtests > tshref.out 2>&1
 1958 pts/1    Sl+    0:00 /usr/bin/qemu-x86_64 /usr/bin/make make rtests
 2405 pts/1    Sl+    0:00 /usr/bin/qemu-x86_64 /bin/sh /bin/sh -c ./sdriver.pl -t trace12.txt -s ./tshref -a "-p"
 2408 pts/1    Sl+    0:00 /usr/bin/qemu-x86_64 /usr/bin/perl /usr/bin/perl ./sdriver.pl -t trace12.txt -s ./tshref -a -p
 2411 pts/1    Sl+    0:00 /usr/bin/qemu-x86_64 ./tshref ./tshref -p
 2417 pts/1    Tl     0:00 /usr/bin/qemu-x86_64 ./mysplit ./mysplit 4
 2420 pts/1    Tl     0:00 /usr/bin/qemu-x86_64 ./mysplit ./mysplit 4
./sdriver.pl -t trace13.txt -s ./tshref -a "-p"
#
# trace13.txt - Restart every stopped process in process group
#
tsh> ./mysplit 4
Job [1] (2467) stopped by signal 20
tsh> jobs
[1] (2467) Stopped ./mysplit 4 
tsh> /bin/ps a
  PID TTY      STAT   TIME COMMAND
  546 pts/1    Ssl    0:00 /usr/bin/qemu-x86_64 /usr/bin/zsh /usr/bin/zsh
  744 pts/1    Sl+    0:00 /usr/bin/qemu-x86_64 /usr/bin/make make all test rtest
 1955 pts/1    Sl+    0:00 /usr/bin/qemu-x86_64 /bin/sh /bin/sh -c make rtests > tshref.out 2>&1
 1958 pts/1    Sl+    0:00 /usr/bin/qemu-x86_64 /usr/bin/make make rtests
 2455 pts/1    Sl+    0:00 /usr/bin/qemu-x86_64 /bin/sh /bin/sh -c ./sdriver.pl -t trace13.txt -s ./tshref -a "-p"
 2458 pts/1    Sl+    0:00 /usr/bin/qemu-x86_64 /usr/bin/perl /usr/bin/perl ./sdriver.pl -t trace13.txt -s ./tshref -a -p
 2461 pts/1    Sl+    0:00 /usr/bin/qemu-x86_64 ./tshref ./tshref -p
 2467 pts/1    Tl     0:00 /usr/bin/qemu-x86_64 ./mysplit ./mysplit 4
 2470 pts/1    Tl     0:00 /usr/bin/qemu-x86_64 ./mysplit ./mysplit 4
tsh> fg %1
tsh> /bin/ps a
  PID TTY      STAT   TIME COMMAND
  546 pts/1    Ssl    0:00 /usr/bin/qemu-x86_64 /usr/bin/zsh /usr/bin/zsh
  744 pts/1    Sl+    0:00 /usr/bin/qemu-x86_64 /usr/bin/make make all test rtest
 1955 pts/1    Sl+    0:00 /usr/bin/qemu-x86_64 /bin/sh /bin/sh -c make rtests > tshref.out 2>&1
 1958 pts/1    Sl+    0:00 /usr/bin/qemu-x86_64 /usr/bin/make make rtests
 2455 pts/1    Sl+    0:00 /usr/bin/qemu-x86_64 /bin/sh /bin/sh -c ./sdriver.pl -t trace13.txt -s ./tshref -a "-p"
 2458 pts/1    Sl+    0:00 /usr/bin/qemu-x86_64 /usr/bin/perl /usr/bin/perl ./sdriver.pl -t trace13.txt -s ./tshref -a -p
 2461 pts/1    Sl+    0:00 /usr/bin/qemu-x86_64 ./tshref ./tshref -p
./sdriver.pl -t trace14.txt -s ./tshref -a "-p"
#
# trace14.txt - Simple error handling
#
tsh> ./bogus
./bogus: Command not found
tsh> ./myspin 4 &
[1] (2540) ./myspin 4 &
tsh> fg
fg command requires PID or %jobid argument
tsh> bg
bg command requires PID or %jobid argument
tsh> fg a
fg: argument must be a PID or %jobid
tsh> bg a
bg: argument must be a PID or %jobid
tsh> fg 9999999
(9999999): No such process
tsh> bg 9999999
(9999999): No such process
tsh> fg %2
%2: No such job
tsh> fg %1
Job [1] (2540) stopped by signal 20
tsh> bg %2
%2: No such job
tsh> bg %1
[1] (2540) ./myspin 4 &
tsh> jobs
[1] (2540) Running ./myspin 4 &
./sdriver.pl -t trace15.txt -s ./tshref -a "-p"
#
# trace15.txt - Putting it all together
#
tsh> ./bogus
./bogus: Command not found
tsh> ./myspin 10
Job [1] (2605) terminated by signal 2
tsh> ./myspin 3 &
[1] (2635) ./myspin 3 &
tsh> ./myspin 4 &
[2] (2641) ./myspin 4 &
tsh> jobs
[1] (2635) Running ./myspin 3 &
[2] (2641) Running ./myspin 4 &
tsh> fg %1
Job [1] (2635) stopped by signal 20
tsh> jobs
[1] (2635) Stopped ./myspin 3 &
[2] (2641) Running ./myspin 4 &
tsh> bg %3
%3: No such job
tsh> bg %1
[1] (2635) ./myspin 3 &
tsh> jobs
[1] (2635) Running ./myspin 3 &
[2] (2641) Running ./myspin 4 &
tsh> fg %1
tsh> quit
./sdriver.pl -t trace16.txt -s ./tshref -a "-p"
#
# trace16.txt - Tests whether the shell can handle SIGTSTP and SIGINT
#     signals that come from other processes instead of the terminal.
#
tsh> ./mystop 2
Job [1] (2692) stopped by signal 20
tsh> jobs
[1] (2692) Stopped ./mystop 2
tsh> ./myint 2
Job [2] (2728) terminated by signal 2
make[1]: Leaving directory '/workspaces/Repositories/Computer System/labs/sh/shlab-handout'
